c:\users\rwortham\documents\bath\university\arduino robot\instinct-robotworld\release\vc140.pdb
c:\users\rwortham\documents\bath\university\arduino robot\instinct-robotworld\release\instinctrobot.obj
c:\users\rwortham\documents\bath\university\arduino robot\instinct-robotworld\release\instinctrobotworld.pch
c:\users\rwortham\documents\bath\university\arduino robot\instinct-robotworld\release\stdafx.obj
c:\users\rwortham\documents\bath\university\arduino robot\instinct-robotworld\release\instinctworld.obj
c:\users\rwortham\documents\bath\university\arduino robot\instinct-robotworld\release\instinctvcplusplushelpers.obj
c:\users\rwortham\documents\bath\university\arduino robot\instinct-robotworld\release\instinctrobotworld.obj
c:\users\rwortham\documents\bath\university\arduino robot\instinct-robotworld\release\planmanager.obj
c:\users\rwortham\documents\bath\university\arduino robot\instinct-robotworld\release\names.obj
c:\users\rwortham\documents\bath\university\arduino robot\instinct-robotworld\release\instinct.obj
c:\users\rwortham\documents\bath\university\arduino robot\instinct-robotworld\release\cmdplanner.obj
c:\users\rwortham\documents\bath\university\arduino robot\instinct-robotworld\release\instinctrobotworld.exe
c:\users\rwortham\documents\bath\university\arduino robot\instinct-robotworld\release\instinctrobotworld.ipdb
c:\users\rwortham\documents\bath\university\arduino robot\instinct-robotworld\release\instinctrobotworld.iobj
c:\users\rwortham\documents\bath\university\arduino robot\instinct-robotworld\release\instinctrobotworld.pdb
c:\users\rwortham\documents\bath\university\arduino robot\instinct-robotworld\release\instinctrobotworld.res
c:\users\rwortham\documents\bath\university\arduino robot\instinct-robotworld\release\instinct.b3d442dd.tlog\cl.command.1.tlog
c:\users\rwortham\documents\bath\university\arduino robot\instinct-robotworld\release\instinct.b3d442dd.tlog\cl.read.1.tlog
c:\users\rwortham\documents\bath\university\arduino robot\instinct-robotworld\release\instinct.b3d442dd.tlog\cl.write.1.tlog
c:\users\rwortham\documents\bath\university\arduino robot\instinct-robotworld\release\instinct.b3d442dd.tlog\link.command.1.tlog
c:\users\rwortham\documents\bath\university\arduino robot\instinct-robotworld\release\instinct.b3d442dd.tlog\link.read.1.tlog
c:\users\rwortham\documents\bath\university\arduino robot\instinct-robotworld\release\instinct.b3d442dd.tlog\link.write.1.tlog
c:\users\rwortham\documents\bath\university\arduino robot\instinct-robotworld\release\instinct.b3d442dd.tlog\rc.command.1.tlog
c:\users\rwortham\documents\bath\university\arduino robot\instinct-robotworld\release\instinct.b3d442dd.tlog\rc.read.1.tlog
c:\users\rwortham\documents\bath\university\arduino robot\instinct-robotworld\release\instinct.b3d442dd.tlog\rc.write.1.tlog
